<?xml version="1.0" encoding="UTF-8"?>
<!-- Generated by org.testng.reporters.JUnitXMLReporter -->
<testsuite ignored="0" hostname="Apples-MacBook-Pro.local" failures="0" tests="3" name="Create Module" time="55.423" errors="0" timestamp="2024-05-25T12:11:18 IST">
  <testcase classname="testcases.CreateLead" name="runCreateLead" time="18.374"/>
  <testcase classname="testcases.DeleteLead" name="runDeleteLead" time="16.479"/>
  <testcase classname="testcases.DuplicateLead" name="runDuplicateLead" time="20.478"/>
</testsuite> <!-- Create Module -->
