<?xml version="1.0" encoding="UTF-8"?>
<!-- Generated by org.testng.reporters.JUnitXMLReporter -->
<testsuite ignored="0" hostname="Apples-MacBook-Pro.local" failures="0" tests="1" name="Test(failed)" time="0.101" errors="0" timestamp="2024-05-26T21:52:07 IST">
  <testcase classname="week5.day2.BaseClass" name="@BeforeMethod Run" time="0.017">
    <failure type="java.lang.NullPointerException" message="Cannot invoke &amp;quot;org.openqa.selenium.chrome.ChromeDriver.manage()&amp;quot; because &amp;quot;week5.day2.BaseClass.driver&amp;quot; is null">
      <![CDATA[java.lang.NullPointerException: Cannot invoke "org.openqa.selenium.chrome.ChromeDriver.manage()" because "week5.day2.BaseClass.driver" is null
at week5.day2.BaseClass.Run(BaseClass.java:19)
at java.base/java.util.ArrayList.forEach(ArrayList.java:1511)
... Removed 31 stack frames]]>
    </failure>
  </testcase> <!-- @BeforeMethod Run -->
  <testcase classname="week5.day2.ParameterCreateLead" name="Create" time="0.0">
    <skipped/>
  </testcase> <!-- Create -->
</testsuite> <!-- Test(failed) -->
