<?xml version="1.0" encoding="UTF-8"?>
<testng-results ignored="0" total="2" passed="2" failed="0" skipped="0">
  <reporter-output>
  </reporter-output>
  <suite started-at="2024-05-29T13:18:35 IST" name="Default suite" finished-at="2024-05-29T13:21:31 IST" duration-ms="176584">
    <groups>
    </groups>
    <test started-at="2024-05-29T13:18:35 IST" name="Default test" finished-at="2024-05-29T13:21:31 IST" duration-ms="176584">
      <class name="week5.day2.W3Schools">
        <test-method signature="addElements(java.lang.String,java.lang.String,java.lang.String,java.lang.String,java.lang.String,java.lang.String,java.lang.String,java.lang.String,java.lang.String,java.lang.String,java.lang.String)[pri:0, instance:week5.day2.W3Schools@794cb805]" started-at="2024-05-29T13:18:35 IST" name="addElements" data-provider="data" finished-at="2024-05-29T13:20:03 IST" duration-ms="87559" status="PASS">
          <params>
            <param index="0">
              <value>
                <![CDATA[TREASY]]>
              </value>
            </param>
            <param index="1">
              <value>
                <![CDATA[treasy1@gmail.com]]>
              </value>
            </param>
            <param index="2">
              <value>
                <![CDATA[Kodambakkam]]>
              </value>
            </param>
            <param index="3">
              <value>
                <![CDATA[Chennai]]>
              </value>
            </param>
            <param index="4">
              <value>
                <![CDATA[TamilNadu]]>
              </value>
            </param>
            <param index="5">
              <value>
                <![CDATA[^600024]]>
              </value>
            </param>
            <param index="6">
              <value>
                <![CDATA[^2018]]>
              </value>
            </param>
            <param index="7">
              <value>
                <![CDATA[^123]]>
              </value>
            </param>
            <param index="8">
              <value>
                <![CDATA[January]]>
              </value>
            </param>
            <param index="9">
              <value>
                <![CDATA[^123456000]]>
              </value>
            </param>
            <param index="10">
              <value>
                <![CDATA[TREASY]]>
              </value>
            </param>
          </params>
          <reporter-output>
          </reporter-output>
        </test-method> <!-- addElements -->
        <test-method signature="addElements(java.lang.String,java.lang.String,java.lang.String,java.lang.String,java.lang.String,java.lang.String,java.lang.String,java.lang.String,java.lang.String,java.lang.String,java.lang.String)[pri:0, instance:week5.day2.W3Schools@794cb805]" started-at="2024-05-29T13:20:03 IST" name="addElements" data-provider="data" finished-at="2024-05-29T13:21:31 IST" duration-ms="88504" status="PASS">
          <params>
            <param index="0">
              <value>
                <![CDATA[MONICA]]>
              </value>
            </param>
            <param index="1">
              <value>
                <![CDATA[Monica2@gmail.com]]>
              </value>
            </param>
            <param index="2">
              <value>
                <![CDATA[sholinganallur]]>
              </value>
            </param>
            <param index="3">
              <value>
                <![CDATA[Kanchipuram]]>
              </value>
            </param>
            <param index="4">
              <value>
                <![CDATA[TamilNadu]]>
              </value>
            </param>
            <param index="5">
              <value>
                <![CDATA[^600097]]>
              </value>
            </param>
            <param index="6">
              <value>
                <![CDATA[^2020]]>
              </value>
            </param>
            <param index="7">
              <value>
                <![CDATA[^345]]>
              </value>
            </param>
            <param index="8">
              <value>
                <![CDATA[April]]>
              </value>
            </param>
            <param index="9">
              <value>
                <![CDATA[^987654000]]>
              </value>
            </param>
            <param index="10">
              <value>
                <![CDATA[MONICA]]>
              </value>
            </param>
          </params>
          <reporter-output>
          </reporter-output>
        </test-method> <!-- addElements -->
      </class> <!-- week5.day2.W3Schools -->
    </test> <!-- Default test -->
  </suite> <!-- Default suite -->
</testng-results>
